{
  "stats": {
    "suites": 0,
    "tests": 3,
    "passes": 3,
    "pending": 0,
    "failures": 0,
    "start": "2022-12-12T14:06:54.690Z",
    "end": "2022-12-12T14:06:55.342Z",
    "duration": 652,
    "testsRegistered": 3,
    "passPercent": 100,
    "pendingPercent": 0,
    "other": 0,
    "hasOther": false,
    "skipped": 0,
    "hasSkipped": false
  },
  "results": [
    {
      "uuid": "24688cba-0d4f-437c-b0c5-1d4a2bd69ffe",
      "title": "",
      "fullFile": "cypress\\e2e\\readwritefilesaction.cy.js",
      "file": "cypress\\e2e\\readwritefilesaction.cy.js",
      "beforeHooks": [],
      "afterHooks": [],
      "tests": [
        {
          "title": "Read files using fiuxture",
          "fullTitle": "Read files using fiuxture",
          "timedOut": null,
          "duration": 234,
          "state": "passed",
          "speed": "fast",
          "pass": true,
          "fail": false,
          "pending": false,
          "context": null,
          "code": "cy.fixture('example.json').then(data => {\n  cy.log(data.name);\n  cy.log(data.email);\n  cy.log(data.body);\n});\ncy.log(this.test_data.name);",
          "err": {},
          "uuid": "df53b209-5e73-409f-a42f-a5ac2624d97f",
          "parentUUID": "24688cba-0d4f-437c-b0c5-1d4a2bd69ffe",
          "isHook": false,
          "skipped": false
        },
        {
          "title": "Read file using readFile()",
          "fullTitle": "Read file using readFile()",
          "timedOut": null,
          "duration": 167,
          "state": "passed",
          "speed": "fast",
          "pass": true,
          "fail": false,
          "pending": false,
          "context": null,
          "code": "cy.readFile('./cypress/fixtures/example.json').then(data => {\n  cy.log(data.name);\n});",
          "err": {},
          "uuid": "f317f68e-1e42-4534-859e-f1462abeb9d8",
          "parentUUID": "24688cba-0d4f-437c-b0c5-1d4a2bd69ffe",
          "isHook": false,
          "skipped": false
        },
        {
          "title": "Write file demo test",
          "fullTitle": "Write file demo test",
          "timedOut": null,
          "duration": 129,
          "state": "passed",
          "speed": "fast",
          "pass": true,
          "fail": false,
          "pending": false,
          "context": null,
          "code": "cy.writeFile('sample.txt', 'Hello, my name is Ndifreke \\n');\ncy.writeFile('sample.txt', 'I am learning Cypress', {\n  flag: 'a+'\n});",
          "err": {},
          "uuid": "9d93bb33-f67c-470d-bb51-bccfbe1a80b7",
          "parentUUID": "24688cba-0d4f-437c-b0c5-1d4a2bd69ffe",
          "isHook": false,
          "skipped": false
        }
      ],
      "suites": [],
      "passes": [
        "df53b209-5e73-409f-a42f-a5ac2624d97f",
        "f317f68e-1e42-4534-859e-f1462abeb9d8",
        "9d93bb33-f67c-470d-bb51-bccfbe1a80b7"
      ],
      "failures": [],
      "pending": [],
      "skipped": [],
      "duration": 530,
      "root": true,
      "rootEmpty": false,
      "_timeout": 2000
    }
  ],
  "meta": {
    "mocha": {
      "version": "7.0.1"
    },
    "mochawesome": {
      "options": {
        "quiet": false,
        "reportFilename": "mochawesome",
        "saveHtml": false,
        "saveJson": true,
        "consoleReporter": "spec",
        "useInlineDiffs": false,
        "code": true
      },
      "version": "7.1.3"
    },
    "marge": {
      "options": {
        "charts": true,
        "overwrite": false,
        "html": false,
        "json": true,
        "reportDir": "cypress/reports"
      },
      "version": "6.2.0"
    }
  }
}