{
  "stats": {
    "suites": 0,
    "tests": 1,
    "passes": 1,
    "pending": 0,
    "failures": 0,
    "start": "2022-12-12T14:06:01.414Z",
    "end": "2022-12-12T14:06:10.497Z",
    "duration": 9083,
    "testsRegistered": 1,
    "passPercent": 100,
    "pendingPercent": 0,
    "other": 0,
    "hasOther": false,
    "skipped": 0,
    "hasSkipped": false
  },
  "results": [
    {
      "uuid": "05422fa5-86a9-48e1-9645-98b670a51a82",
      "title": "",
      "fullFile": "cypress\\e2e\\assertionTest.cy.js",
      "file": "cypress\\e2e\\assertionTest.cy.js",
      "beforeHooks": [],
      "afterHooks": [],
      "tests": [
        {
          "title": "Assertion Test",
          "fullTitle": "Assertion Test",
          "timedOut": null,
          "duration": 4293,
          "state": "passed",
          "speed": "fast",
          "pass": true,
          "fail": false,
          "pending": false,
          "context": null,
          "code": "cy.visit('https://example.cypress.io');\ncy.contains('get').click();\ncy.get('#query-btn').should('contain', 'Button').and('have.class', 'query-btn').and('be.visible').and('be.enabled');\nexpect('button').to.be.equal('button');\nassert.equal(2, '2', 'Not Equal'); // assert.strictEqual(2, '2', 'Not Equal')",
          "err": {},
          "uuid": "72213ac6-21f4-4648-9cec-3ae88f08258b",
          "parentUUID": "05422fa5-86a9-48e1-9645-98b670a51a82",
          "isHook": false,
          "skipped": false
        }
      ],
      "suites": [],
      "passes": [
        "72213ac6-21f4-4648-9cec-3ae88f08258b"
      ],
      "failures": [],
      "pending": [],
      "skipped": [],
      "duration": 4293,
      "root": true,
      "rootEmpty": false,
      "_timeout": 2000
    }
  ],
  "meta": {
    "mocha": {
      "version": "7.0.1"
    },
    "mochawesome": {
      "options": {
        "quiet": false,
        "reportFilename": "mochawesome",
        "saveHtml": false,
        "saveJson": true,
        "consoleReporter": "spec",
        "useInlineDiffs": false,
        "code": true
      },
      "version": "7.1.3"
    },
    "marge": {
      "options": {
        "charts": true,
        "overwrite": false,
        "html": false,
        "json": true,
        "reportDir": "cypress/reports"
      },
      "version": "6.2.0"
    }
  }
}